----------------------------------------------------------------
Sun Apr 03 15:24:21 IST 2022:
Booting Derby version The Apache Software Foundation - Apache Derby - 10.10.2.0 - (1582446): instance a816c00e-017f-eed8-d1eb-000000a00d60 
on database directory C:\Users\Ashish\Downloads\Prativishwa\Prativishwa\MyApp with class loader sun.misc.Launcher$AppClassLoader@1e99db4 
Loaded from file:/C:/Users/Ashish/Downloads/Prativishwa/Prativishwa/lib/derby.jar
java.vendor=Oracle Corporation
java.runtime.version=1.7.0_67-b01
user.dir=C:\Users\Ashish\Downloads\Prativishwa\Prativishwa
os.name=Windows 8.1
os.arch=x86
os.version=6.3
derby.system.home=null
Database Class Loader started - derby.database.classpath=''
----------------------------------------------------------------
Sun Apr 03 15:24:21 IST 2022:
Shutting down instance a816c00e-017f-eed8-d1eb-000000a00d60 on database directory C:\Users\Ashish\Downloads\Prativishwa\Prativishwa\MyApp with class loader sun.misc.Launcher$AppClassLoader@1e99db4 
----------------------------------------------------------------
Sun Apr 03 15:24:51 IST 2022:
Booting Derby version The Apache Software Foundation - Apache Derby - 10.10.2.0 - (1582446): instance 582f8014-017f-eed8-d1eb-000000a00d60 
on database directory C:\Users\Ashish\Downloads\Prativishwa\Prativishwa\MyApp with class loader sun.misc.Launcher$AppClassLoader@1e99db4 
Loaded from file:/C:/Users/Ashish/Downloads/Prativishwa/Prativishwa/lib/derby.jar
java.vendor=Oracle Corporation
java.runtime.version=1.7.0_67-b01
user.dir=C:\Users\Ashish\Downloads\Prativishwa\Prativishwa
os.name=Windows 8.1
os.arch=x86
os.version=6.3
derby.system.home=null
Database Class Loader started - derby.database.classpath=''
----------------------------------------------------------------
Sun Apr 03 15:24:51 IST 2022:
Shutting down instance 582f8014-017f-eed8-d1eb-000000a00d60 on database directory C:\Users\Ashish\Downloads\Prativishwa\Prativishwa\MyApp with class loader sun.misc.Launcher$AppClassLoader@1e99db4 
----------------------------------------------------------------
Sun Apr 03 15:25:21 IST 2022:
Booting Derby version The Apache Software Foundation - Apache Derby - 10.10.2.0 - (1582446): instance c851401a-017f-eed8-d1eb-000000a00d60 
on database directory C:\Users\Ashish\Downloads\Prativishwa\Prativishwa\MyApp with class loader sun.misc.Launcher$AppClassLoader@1e99db4 
Loaded from file:/C:/Users/Ashish/Downloads/Prativishwa/Prativishwa/lib/derby.jar
java.vendor=Oracle Corporation
java.runtime.version=1.7.0_67-b01
user.dir=C:\Users\Ashish\Downloads\Prativishwa\Prativishwa
os.name=Windows 8.1
os.arch=x86
os.version=6.3
derby.system.home=null
Database Class Loader started - derby.database.classpath=''
----------------------------------------------------------------
Sun Apr 03 15:25:21 IST 2022:
Shutting down instance c851401a-017f-eed8-d1eb-000000a00d60 on database directory C:\Users\Ashish\Downloads\Prativishwa\Prativishwa\MyApp with class loader sun.misc.Launcher$AppClassLoader@1e99db4 
----------------------------------------------------------------
Sun Apr 03 15:25:51 IST 2022:
Booting Derby version The Apache Software Foundation - Apache Derby - 10.10.2.0 - (1582446): instance 787c0020-017f-eed8-d1eb-000000a00d60 
on database directory C:\Users\Ashish\Downloads\Prativishwa\Prativishwa\MyApp with class loader sun.misc.Launcher$AppClassLoader@1e99db4 
Loaded from file:/C:/Users/Ashish/Downloads/Prativishwa/Prativishwa/lib/derby.jar
java.vendor=Oracle Corporation
java.runtime.version=1.7.0_67-b01
user.dir=C:\Users\Ashish\Downloads\Prativishwa\Prativishwa
os.name=Windows 8.1
os.arch=x86
os.version=6.3
derby.system.home=null
Database Class Loader started - derby.database.classpath=''
----------------------------------------------------------------
Sun Apr 03 15:25:51 IST 2022:
Shutting down instance 787c0020-017f-eed8-d1eb-000000a00d60 on database directory C:\Users\Ashish\Downloads\Prativishwa\Prativishwa\MyApp with class loader sun.misc.Launcher$AppClassLoader@1e99db4 
----------------------------------------------------------------
Sun Apr 03 15:26:21 IST 2022:
Booting Derby version The Apache Software Foundation - Apache Derby - 10.10.2.0 - (1582446): instance e8afc026-017f-eed8-d1eb-000000a00d60 
on database directory C:\Users\Ashish\Downloads\Prativishwa\Prativishwa\MyApp with class loader sun.misc.Launcher$AppClassLoader@1e99db4 
Loaded from file:/C:/Users/Ashish/Downloads/Prativishwa/Prativishwa/lib/derby.jar
java.vendor=Oracle Corporation
java.runtime.version=1.7.0_67-b01
user.dir=C:\Users\Ashish\Downloads\Prativishwa\Prativishwa
os.name=Windows 8.1
os.arch=x86
os.version=6.3
derby.system.home=null
Database Class Loader started - derby.database.classpath=''
----------------------------------------------------------------
Sun Apr 03 15:26:21 IST 2022:
Shutting down instance e8afc026-017f-eed8-d1eb-000000a00d60 on database directory C:\Users\Ashish\Downloads\Prativishwa\Prativishwa\MyApp with class loader sun.misc.Launcher$AppClassLoader@1e99db4 
----------------------------------------------------------------
Sun Apr 03 15:26:51 IST 2022:
Booting Derby version The Apache Software Foundation - Apache Derby - 10.10.2.0 - (1582446): instance 98ec802c-017f-eed8-d1eb-000000a00d60 
on database directory C:\Users\Ashish\Downloads\Prativishwa\Prativishwa\MyApp with class loader sun.misc.Launcher$AppClassLoader@1e99db4 
Loaded from file:/C:/Users/Ashish/Downloads/Prativishwa/Prativishwa/lib/derby.jar
java.vendor=Oracle Corporation
java.runtime.version=1.7.0_67-b01
user.dir=C:\Users\Ashish\Downloads\Prativishwa\Prativishwa
os.name=Windows 8.1
os.arch=x86
os.version=6.3
derby.system.home=null
Database Class Loader started - derby.database.classpath=''
----------------------------------------------------------------
Sun Apr 03 15:26:51 IST 2022:
Shutting down instance 98ec802c-017f-eed8-d1eb-000000a00d60 on database directory C:\Users\Ashish\Downloads\Prativishwa\Prativishwa\MyApp with class loader sun.misc.Launcher$AppClassLoader@1e99db4 
----------------------------------------------------------------
Sun Apr 03 15:27:21 IST 2022:
Booting Derby version The Apache Software Foundation - Apache Derby - 10.10.2.0 - (1582446): instance 09324032-017f-eed8-d1eb-000000a00d60 
on database directory C:\Users\Ashish\Downloads\Prativishwa\Prativishwa\MyApp with class loader sun.misc.Launcher$AppClassLoader@1e99db4 
Loaded from file:/C:/Users/Ashish/Downloads/Prativishwa/Prativishwa/lib/derby.jar
java.vendor=Oracle Corporation
java.runtime.version=1.7.0_67-b01
user.dir=C:\Users\Ashish\Downloads\Prativishwa\Prativishwa
os.name=Windows 8.1
os.arch=x86
os.version=6.3
derby.system.home=null
Database Class Loader started - derby.database.classpath=''
----------------------------------------------------------------
Sun Apr 03 15:27:21 IST 2022:
Shutting down instance 09324032-017f-eed8-d1eb-000000a00d60 on database directory C:\Users\Ashish\Downloads\Prativishwa\Prativishwa\MyApp with class loader sun.misc.Launcher$AppClassLoader@1e99db4 
----------------------------------------------------------------
Sun Apr 03 15:27:51 IST 2022:
Booting Derby version The Apache Software Foundation - Apache Derby - 10.10.2.0 - (1582446): instance b9810038-017f-eed8-d1eb-000000a00d60 
on database directory C:\Users\Ashish\Downloads\Prativishwa\Prativishwa\MyApp with class loader sun.misc.Launcher$AppClassLoader@1e99db4 
Loaded from file:/C:/Users/Ashish/Downloads/Prativishwa/Prativishwa/lib/derby.jar
java.vendor=Oracle Corporation
java.runtime.version=1.7.0_67-b01
user.dir=C:\Users\Ashish\Downloads\Prativishwa\Prativishwa
os.name=Windows 8.1
os.arch=x86
os.version=6.3
derby.system.home=null
Database Class Loader started - derby.database.classpath=''
----------------------------------------------------------------
Sun Apr 03 15:27:51 IST 2022:
Shutting down instance b9810038-017f-eed8-d1eb-000000a00d60 on database directory C:\Users\Ashish\Downloads\Prativishwa\Prativishwa\MyApp with class loader sun.misc.Launcher$AppClassLoader@1e99db4 
----------------------------------------------------------------
Sun Apr 03 15:28:21 IST 2022:
Booting Derby version The Apache Software Foundation - Apache Derby - 10.10.2.0 - (1582446): instance 29d8c03e-017f-eed8-d1eb-000000a00d60 
on database directory C:\Users\Ashish\Downloads\Prativishwa\Prativishwa\MyApp with class loader sun.misc.Launcher$AppClassLoader@1e99db4 
Loaded from file:/C:/Users/Ashish/Downloads/Prativishwa/Prativishwa/lib/derby.jar
java.vendor=Oracle Corporation
java.runtime.version=1.7.0_67-b01
user.dir=C:\Users\Ashish\Downloads\Prativishwa\Prativishwa
os.name=Windows 8.1
os.arch=x86
os.version=6.3
derby.system.home=null
Database Class Loader started - derby.database.classpath=''
----------------------------------------------------------------
Sun Apr 03 15:28:21 IST 2022:
Shutting down instance 29d8c03e-017f-eed8-d1eb-000000a00d60 on database directory C:\Users\Ashish\Downloads\Prativishwa\Prativishwa\MyApp with class loader sun.misc.Launcher$AppClassLoader@1e99db4 
----------------------------------------------------------------
Sun Apr 03 15:28:51 IST 2022:
Booting Derby version The Apache Software Foundation - Apache Derby - 10.10.2.0 - (1582446): instance da398044-017f-eed8-d1eb-000000a00d60 
on database directory C:\Users\Ashish\Downloads\Prativishwa\Prativishwa\MyApp with class loader sun.misc.Launcher$AppClassLoader@1e99db4 
Loaded from file:/C:/Users/Ashish/Downloads/Prativishwa/Prativishwa/lib/derby.jar
java.vendor=Oracle Corporation
java.runtime.version=1.7.0_67-b01
user.dir=C:\Users\Ashish\Downloads\Prativishwa\Prativishwa
os.name=Windows 8.1
os.arch=x86
os.version=6.3
derby.system.home=null
Database Class Loader started - derby.database.classpath=''
----------------------------------------------------------------
Sun Apr 03 15:28:51 IST 2022:
Shutting down instance da398044-017f-eed8-d1eb-000000a00d60 on database directory C:\Users\Ashish\Downloads\Prativishwa\Prativishwa\MyApp with class loader sun.misc.Launcher$AppClassLoader@1e99db4 
----------------------------------------------------------------
Sun Apr 03 15:29:21 IST 2022:
Booting Derby version The Apache Software Foundation - Apache Derby - 10.10.2.0 - (1582446): instance 4aa3404a-017f-eed8-d1eb-000000a00d60 
on database directory C:\Users\Ashish\Downloads\Prativishwa\Prativishwa\MyApp with class loader sun.misc.Launcher$AppClassLoader@1e99db4 
Loaded from file:/C:/Users/Ashish/Downloads/Prativishwa/Prativishwa/lib/derby.jar
java.vendor=Oracle Corporation
java.runtime.version=1.7.0_67-b01
user.dir=C:\Users\Ashish\Downloads\Prativishwa\Prativishwa
os.name=Windows 8.1
os.arch=x86
os.version=6.3
derby.system.home=null
Database Class Loader started - derby.database.classpath=''
----------------------------------------------------------------
Sun Apr 03 15:29:21 IST 2022:
Shutting down instance 4aa3404a-017f-eed8-d1eb-000000a00d60 on database directory C:\Users\Ashish\Downloads\Prativishwa\Prativishwa\MyApp with class loader sun.misc.Launcher$AppClassLoader@1e99db4 
----------------------------------------------------------------
Sun Apr 03 15:29:51 IST 2022:
Booting Derby version The Apache Software Foundation - Apache Derby - 10.10.2.0 - (1582446): instance fb160050-017f-eed8-d1eb-000000a00d60 
on database directory C:\Users\Ashish\Downloads\Prativishwa\Prativishwa\MyApp with class loader sun.misc.Launcher$AppClassLoader@1e99db4 
Loaded from file:/C:/Users/Ashish/Downloads/Prativishwa/Prativishwa/lib/derby.jar
java.vendor=Oracle Corporation
java.runtime.version=1.7.0_67-b01
user.dir=C:\Users\Ashish\Downloads\Prativishwa\Prativishwa
os.name=Windows 8.1
os.arch=x86
os.version=6.3
derby.system.home=null
Database Class Loader started - derby.database.classpath=''
----------------------------------------------------------------
Sun Apr 03 15:29:51 IST 2022:
Shutting down instance fb160050-017f-eed8-d1eb-000000a00d60 on database directory C:\Users\Ashish\Downloads\Prativishwa\Prativishwa\MyApp with class loader sun.misc.Launcher$AppClassLoader@1e99db4 
----------------------------------------------------------------
Sun Apr 03 15:30:21 IST 2022:
Booting Derby version The Apache Software Foundation - Apache Derby - 10.10.2.0 - (1582446): instance 6b91c056-017f-eed8-d1eb-000000a00d60 
on database directory C:\Users\Ashish\Downloads\Prativishwa\Prativishwa\MyApp with class loader sun.misc.Launcher$AppClassLoader@1e99db4 
Loaded from file:/C:/Users/Ashish/Downloads/Prativishwa/Prativishwa/lib/derby.jar
java.vendor=Oracle Corporation
java.runtime.version=1.7.0_67-b01
user.dir=C:\Users\Ashish\Downloads\Prativishwa\Prativishwa
os.name=Windows 8.1
os.arch=x86
os.version=6.3
derby.system.home=null
Database Class Loader started - derby.database.classpath=''
----------------------------------------------------------------
Sun Apr 03 15:30:21 IST 2022:
Shutting down instance 6b91c056-017f-eed8-d1eb-000000a00d60 on database directory C:\Users\Ashish\Downloads\Prativishwa\Prativishwa\MyApp with class loader sun.misc.Launcher$AppClassLoader@1e99db4 
----------------------------------------------------------------
Sun Apr 03 15:30:51 IST 2022:
Booting Derby version The Apache Software Foundation - Apache Derby - 10.10.2.0 - (1582446): instance 1c16805c-017f-eed8-d1eb-000000a00d60 
on database directory C:\Users\Ashish\Downloads\Prativishwa\Prativishwa\MyApp with class loader sun.misc.Launcher$AppClassLoader@1e99db4 
Loaded from file:/C:/Users/Ashish/Downloads/Prativishwa/Prativishwa/lib/derby.jar
java.vendor=Oracle Corporation
java.runtime.version=1.7.0_67-b01
user.dir=C:\Users\Ashish\Downloads\Prativishwa\Prativishwa
os.name=Windows 8.1
os.arch=x86
os.version=6.3
derby.system.home=null
Database Class Loader started - derby.database.classpath=''
----------------------------------------------------------------
Sun Apr 03 15:30:51 IST 2022:
Shutting down instance 1c16805c-017f-eed8-d1eb-000000a00d60 on database directory C:\Users\Ashish\Downloads\Prativishwa\Prativishwa\MyApp with class loader sun.misc.Launcher$AppClassLoader@1e99db4 
----------------------------------------------------------------
Sun Apr 03 15:31:21 IST 2022:
Booting Derby version The Apache Software Foundation - Apache Derby - 10.10.2.0 - (1582446): instance 8ca44062-017f-eed8-d1eb-000000a00d60 
on database directory C:\Users\Ashish\Downloads\Prativishwa\Prativishwa\MyApp with class loader sun.misc.Launcher$AppClassLoader@1e99db4 
Loaded from file:/C:/Users/Ashish/Downloads/Prativishwa/Prativishwa/lib/derby.jar
java.vendor=Oracle Corporation
java.runtime.version=1.7.0_67-b01
user.dir=C:\Users\Ashish\Downloads\Prativishwa\Prativishwa
os.name=Windows 8.1
os.arch=x86
os.version=6.3
derby.system.home=null
Database Class Loader started - derby.database.classpath=''
----------------------------------------------------------------
Sun Apr 03 15:31:21 IST 2022:
Shutting down instance 8ca44062-017f-eed8-d1eb-000000a00d60 on database directory C:\Users\Ashish\Downloads\Prativishwa\Prativishwa\MyApp with class loader sun.misc.Launcher$AppClassLoader@1e99db4 
----------------------------------------------------------------
Sun Apr 03 15:31:51 IST 2022:
Booting Derby version The Apache Software Foundation - Apache Derby - 10.10.2.0 - (1582446): instance 3d3b0068-017f-eed8-d1eb-000000a00d60 
on database directory C:\Users\Ashish\Downloads\Prativishwa\Prativishwa\MyApp with class loader sun.misc.Launcher$AppClassLoader@1e99db4 
Loaded from file:/C:/Users/Ashish/Downloads/Prativishwa/Prativishwa/lib/derby.jar
java.vendor=Oracle Corporation
java.runtime.version=1.7.0_67-b01
user.dir=C:\Users\Ashish\Downloads\Prativishwa\Prativishwa
os.name=Windows 8.1
os.arch=x86
os.version=6.3
derby.system.home=null
Database Class Loader started - derby.database.classpath=''
----------------------------------------------------------------
Sun Apr 03 15:31:51 IST 2022:
Shutting down instance 3d3b0068-017f-eed8-d1eb-000000a00d60 on database directory C:\Users\Ashish\Downloads\Prativishwa\Prativishwa\MyApp with class loader sun.misc.Launcher$AppClassLoader@1e99db4 
----------------------------------------------------------------
Sun Apr 03 15:32:21 IST 2022:
Booting Derby version The Apache Software Foundation - Apache Derby - 10.10.2.0 - (1582446): instance addac06e-017f-eed8-d1eb-000000a00d60 
on database directory C:\Users\Ashish\Downloads\Prativishwa\Prativishwa\MyApp with class loader sun.misc.Launcher$AppClassLoader@1e99db4 
Loaded from file:/C:/Users/Ashish/Downloads/Prativishwa/Prativishwa/lib/derby.jar
java.vendor=Oracle Corporation
java.runtime.version=1.7.0_67-b01
user.dir=C:\Users\Ashish\Downloads\Prativishwa\Prativishwa
os.name=Windows 8.1
os.arch=x86
os.version=6.3
derby.system.home=null
Database Class Loader started - derby.database.classpath=''
----------------------------------------------------------------
Sun Apr 03 15:32:21 IST 2022:
Shutting down instance addac06e-017f-eed8-d1eb-000000a00d60 on database directory C:\Users\Ashish\Downloads\Prativishwa\Prativishwa\MyApp with class loader sun.misc.Launcher$AppClassLoader@1e99db4 
----------------------------------------------------------------
Sun Apr 03 15:32:51 IST 2022:
Booting Derby version The Apache Software Foundation - Apache Derby - 10.10.2.0 - (1582446): instance 5e838074-017f-eed8-d1eb-000000a00d60 
on database directory C:\Users\Ashish\Downloads\Prativishwa\Prativishwa\MyApp with class loader sun.misc.Launcher$AppClassLoader@1e99db4 
Loaded from file:/C:/Users/Ashish/Downloads/Prativishwa/Prativishwa/lib/derby.jar
java.vendor=Oracle Corporation
java.runtime.version=1.7.0_67-b01
user.dir=C:\Users\Ashish\Downloads\Prativishwa\Prativishwa
os.name=Windows 8.1
os.arch=x86
os.version=6.3
derby.system.home=null
Database Class Loader started - derby.database.classpath=''
----------------------------------------------------------------
Sun Apr 03 15:32:51 IST 2022:
Shutting down instance 5e838074-017f-eed8-d1eb-000000a00d60 on database directory C:\Users\Ashish\Downloads\Prativishwa\Prativishwa\MyApp with class loader sun.misc.Launcher$AppClassLoader@1e99db4 
----------------------------------------------------------------
Sun Apr 03 15:33:21 IST 2022:
Booting Derby version The Apache Software Foundation - Apache Derby - 10.10.2.0 - (1582446): instance cf35407a-017f-eed8-d1eb-000000a00d60 
on database directory C:\Users\Ashish\Downloads\Prativishwa\Prativishwa\MyApp with class loader sun.misc.Launcher$AppClassLoader@1e99db4 
Loaded from file:/C:/Users/Ashish/Downloads/Prativishwa/Prativishwa/lib/derby.jar
java.vendor=Oracle Corporation
java.runtime.version=1.7.0_67-b01
user.dir=C:\Users\Ashish\Downloads\Prativishwa\Prativishwa
os.name=Windows 8.1
os.arch=x86
os.version=6.3
derby.system.home=null
Database Class Loader started - derby.database.classpath=''
----------------------------------------------------------------
Sun Apr 03 15:33:21 IST 2022:
Shutting down instance cf35407a-017f-eed8-d1eb-000000a00d60 on database directory C:\Users\Ashish\Downloads\Prativishwa\Prativishwa\MyApp with class loader sun.misc.Launcher$AppClassLoader@1e99db4 
----------------------------------------------------------------
Sun Apr 03 15:33:51 IST 2022:
Booting Derby version The Apache Software Foundation - Apache Derby - 10.10.2.0 - (1582446): instance 7ff00080-017f-eed8-d1eb-000000a00d60 
on database directory C:\Users\Ashish\Downloads\Prativishwa\Prativishwa\MyApp with class loader sun.misc.Launcher$AppClassLoader@1e99db4 
Loaded from file:/C:/Users/Ashish/Downloads/Prativishwa/Prativishwa/lib/derby.jar
java.vendor=Oracle Corporation
java.runtime.version=1.7.0_67-b01
user.dir=C:\Users\Ashish\Downloads\Prativishwa\Prativishwa
os.name=Windows 8.1
os.arch=x86
os.version=6.3
derby.system.home=null
Database Class Loader started - derby.database.classpath=''
----------------------------------------------------------------
Sun Apr 03 15:33:51 IST 2022:
Shutting down instance 7ff00080-017f-eed8-d1eb-000000a00d60 on database directory C:\Users\Ashish\Downloads\Prativishwa\Prativishwa\MyApp with class loader sun.misc.Launcher$AppClassLoader@1e99db4 
----------------------------------------------------------------
Sun Apr 03 15:34:21 IST 2022:
Booting Derby version The Apache Software Foundation - Apache Derby - 10.10.2.0 - (1582446): instance f0b3c086-017f-eed8-d1eb-000000a00d60 
on database directory C:\Users\Ashish\Downloads\Prativishwa\Prativishwa\MyApp with class loader sun.misc.Launcher$AppClassLoader@1e99db4 
Loaded from file:/C:/Users/Ashish/Downloads/Prativishwa/Prativishwa/lib/derby.jar
java.vendor=Oracle Corporation
java.runtime.version=1.7.0_67-b01
user.dir=C:\Users\Ashish\Downloads\Prativishwa\Prativishwa
os.name=Windows 8.1
os.arch=x86
os.version=6.3
derby.system.home=null
Database Class Loader started - derby.database.classpath=''
----------------------------------------------------------------
Sun Apr 03 15:34:21 IST 2022:
Shutting down instance f0b3c086-017f-eed8-d1eb-000000a00d60 on database directory C:\Users\Ashish\Downloads\Prativishwa\Prativishwa\MyApp with class loader sun.misc.Launcher$AppClassLoader@1e99db4 
----------------------------------------------------------------
Sun Apr 03 15:34:51 IST 2022:
Booting Derby version The Apache Software Foundation - Apache Derby - 10.10.2.0 - (1582446): instance a180808c-017f-eed8-d1eb-000000a00d60 
on database directory C:\Users\Ashish\Downloads\Prativishwa\Prativishwa\MyApp with class loader sun.misc.Launcher$AppClassLoader@1e99db4 
Loaded from file:/C:/Users/Ashish/Downloads/Prativishwa/Prativishwa/lib/derby.jar
java.vendor=Oracle Corporation
java.runtime.version=1.7.0_67-b01
user.dir=C:\Users\Ashish\Downloads\Prativishwa\Prativishwa
os.name=Windows 8.1
os.arch=x86
os.version=6.3
derby.system.home=null
Database Class Loader started - derby.database.classpath=''
----------------------------------------------------------------
Sun Apr 03 15:34:51 IST 2022:
Shutting down instance a180808c-017f-eed8-d1eb-000000a00d60 on database directory C:\Users\Ashish\Downloads\Prativishwa\Prativishwa\MyApp with class loader sun.misc.Launcher$AppClassLoader@1e99db4 
----------------------------------------------------------------
Sun Apr 03 15:35:21 IST 2022:
Booting Derby version The Apache Software Foundation - Apache Derby - 10.10.2.0 - (1582446): instance 12564092-017f-eed8-d1eb-000000a00d60 
on database directory C:\Users\Ashish\Downloads\Prativishwa\Prativishwa\MyApp with class loader sun.misc.Launcher$AppClassLoader@1e99db4 
Loaded from file:/C:/Users/Ashish/Downloads/Prativishwa/Prativishwa/lib/derby.jar
java.vendor=Oracle Corporation
java.runtime.version=1.7.0_67-b01
user.dir=C:\Users\Ashish\Downloads\Prativishwa\Prativishwa
os.name=Windows 8.1
os.arch=x86
os.version=6.3
derby.system.home=null
Database Class Loader started - derby.database.classpath=''
----------------------------------------------------------------
Sun Apr 03 15:35:21 IST 2022:
Shutting down instance 12564092-017f-eed8-d1eb-000000a00d60 on database directory C:\Users\Ashish\Downloads\Prativishwa\Prativishwa\MyApp with class loader sun.misc.Launcher$AppClassLoader@1e99db4 
----------------------------------------------------------------
Sun Apr 03 15:35:51 IST 2022:
Booting Derby version The Apache Software Foundation - Apache Derby - 10.10.2.0 - (1582446): instance c3350098-017f-eed8-d1eb-000000a00d60 
on database directory C:\Users\Ashish\Downloads\Prativishwa\Prativishwa\MyApp with class loader sun.misc.Launcher$AppClassLoader@1e99db4 
Loaded from file:/C:/Users/Ashish/Downloads/Prativishwa/Prativishwa/lib/derby.jar
java.vendor=Oracle Corporation
java.runtime.version=1.7.0_67-b01
user.dir=C:\Users\Ashish\Downloads\Prativishwa\Prativishwa
os.name=Windows 8.1
os.arch=x86
os.version=6.3
derby.system.home=null
Database Class Loader started - derby.database.classpath=''
----------------------------------------------------------------
Sun Apr 03 15:35:51 IST 2022:
Shutting down instance c3350098-017f-eed8-d1eb-000000a00d60 on database directory C:\Users\Ashish\Downloads\Prativishwa\Prativishwa\MyApp with class loader sun.misc.Launcher$AppClassLoader@1e99db4 
----------------------------------------------------------------
Sun Apr 03 15:36:21 IST 2022:
Booting Derby version The Apache Software Foundation - Apache Derby - 10.10.2.0 - (1582446): instance 341cc09e-017f-eed8-d1eb-000000a00d60 
on database directory C:\Users\Ashish\Downloads\Prativishwa\Prativishwa\MyApp with class loader sun.misc.Launcher$AppClassLoader@1e99db4 
Loaded from file:/C:/Users/Ashish/Downloads/Prativishwa/Prativishwa/lib/derby.jar
java.vendor=Oracle Corporation
java.runtime.version=1.7.0_67-b01
user.dir=C:\Users\Ashish\Downloads\Prativishwa\Prativishwa
os.name=Windows 8.1
os.arch=x86
os.version=6.3
derby.system.home=null
Database Class Loader started - derby.database.classpath=''
----------------------------------------------------------------
Sun Apr 03 15:36:21 IST 2022:
Shutting down instance 341cc09e-017f-eed8-d1eb-000000a00d60 on database directory C:\Users\Ashish\Downloads\Prativishwa\Prativishwa\MyApp with class loader sun.misc.Launcher$AppClassLoader@1e99db4 
----------------------------------------------------------------
Sun Apr 03 15:36:51 IST 2022:
Booting Derby version The Apache Software Foundation - Apache Derby - 10.10.2.0 - (1582446): instance e50d80a4-017f-eed8-d1eb-000000a00d60 
on database directory C:\Users\Ashish\Downloads\Prativishwa\Prativishwa\MyApp with class loader sun.misc.Launcher$AppClassLoader@1e99db4 
Loaded from file:/C:/Users/Ashish/Downloads/Prativishwa/Prativishwa/lib/derby.jar
java.vendor=Oracle Corporation
java.runtime.version=1.7.0_67-b01
user.dir=C:\Users\Ashish\Downloads\Prativishwa\Prativishwa
os.name=Windows 8.1
os.arch=x86
os.version=6.3
derby.system.home=null
Database Class Loader started - derby.database.classpath=''
----------------------------------------------------------------
Sun Apr 03 15:36:51 IST 2022:
Shutting down instance e50d80a4-017f-eed8-d1eb-000000a00d60 on database directory C:\Users\Ashish\Downloads\Prativishwa\Prativishwa\MyApp with class loader sun.misc.Launcher$AppClassLoader@1e99db4 
